# JRE version: OpenJDK Runtime Environment Temurin-11.0.22+7 (11.0.22+7) (build 11.0.22+7)
# Java VM: OpenJDK 64-Bit Server VM Temurin-11.0.22+7 (11.0.22+7, mixed mode, tiered, compressed oops, g1 gc, windows-amd64)
Heap:
 garbage-first heap   total 131072K, used 33826K [0x0000000081400000, 0x0000000100000000)
  region size 1024K, 29 young (29696K), 2 survivors (2048K)
 Metaspace       used 26436K, capacity 26967K, committed 27136K, reserved 1073152K
  class space    used 2777K, capacity 2983K, committed 3072K, reserved 1048576K
GC Heap History (8 events):
Event: 1.632 GC heap before
{Heap before GC invocations=0 (full 0):
 garbage-first heap   total 131072K, used 13312K [0x0000000081400000, 0x0000000100000000)
  region size 1024K, 14 young (14336K), 0 survivors (0K)
 Metaspace       used 12495K, capacity 12713K, committed 12800K, reserved 1060864K
  class space    used 1160K, capacity 1238K, committed 1280K, reserved 1048576K
}
Event: 1.638 GC heap after
{Heap after GC invocations=1 (full 0):
 garbage-first heap   total 131072K, used 5448K [0x0000000081400000, 0x0000000100000000)
  region size 1024K, 2 young (2048K), 2 survivors (2048K)
 Metaspace       used 12495K, capacity 12713K, committed 12800K, reserved 1060864K
  class space    used 1160K, capacity 1238K, committed 1280K, reserved 1048576K
}
Event: 1.961 GC heap before
{Heap before GC invocations=1 (full 0):
 garbage-first heap   total 131072K, used 9544K [0x0000000081400000, 0x0000000100000000)
  region size 1024K, 6 young (6144K), 2 survivors (2048K)
 Metaspace       used 14137K, capacity 14382K, committed 14592K, reserved 1062912K
  class space    used 1372K, capacity 1438K, committed 1536K, reserved 1048576K
}
Event: 1.964 GC heap after
{Heap after GC invocations=2 (full 0):
 garbage-first heap   total 131072K, used 6204K [0x0000000081400000, 0x0000000100000000)
  region size 1024K, 1 young (1024K), 1 survivors (1024K)
 Metaspace       used 14137K, capacity 14382K, committed 14592K, reserved 1062912K
  class space    used 1372K, capacity 1438K, committed 1536K, reserved 1048576K
}
Event: 3.381 GC heap before
{Heap before GC invocations=2 (full 0):
 garbage-first heap   total 131072K, used 27708K [0x0000000081400000, 0x0000000100000000)
  region size 1024K, 22 young (22528K), 1 survivors (1024K)
 Metaspace       used 20412K, capacity 20730K, committed 20992K, reserved 1069056K
  class space    used 2106K, capacity 2213K, committed 2304K, reserved 1048576K
}
Event: 3.385 GC heap after
{Heap after GC invocations=3 (full 0):
 garbage-first heap   total 131072K, used 7154K [0x0000000081400000, 0x0000000100000000)
  region size 1024K, 2 young (2048K), 2 survivors (2048K)
 Metaspace       used 20412K, capacity 20730K, committed 20992K, reserved 1069056K
  class space    used 2106K, capacity 2213K, committed 2304K, reserved 1048576K
}
Event: 3.483 GC heap before
{Heap before GC invocations=3 (full 0):
 garbage-first heap   total 131072K, used 9202K [0x0000000081400000, 0x0000000100000000)
  region size 1024K, 5 young (5120K), 2 survivors (2048K)
 Metaspace       used 20738K, capacity 21062K, committed 21248K, reserved 1069056K
  class space    used 2149K, capacity 2281K, committed 2304K, reserved 1048576K
}
Event: 3.486 GC heap after
{Heap after GC invocations=4 (full 0):
 garbage-first heap   total 131072K, used 7202K [0x0000000081400000, 0x0000000100000000)
  region size 1024K, 2 young (2048K), 2 survivors (2048K)
 Metaspace       used 20738K, capacity 21062K, committed 21248K, reserved 1069056K
  class space    used 2149K, capacity 2281K, committed 2304K, reserved 1048576K
}

